extraCredit: 0
fatalError: false
maxExtraCredit: 0
maxTotalPoints: 0
messages: []
mode: auto
parts:
- description: Test formula 1a implementation
  extraCredit: false
  maxPoints: 2
  maxSeconds: 5
  messages: []
  name: 1a-1-hidden
  points: 0
  seconds: 0
- description: Test formula 1b implementation
  extraCredit: false
  maxPoints: 2
  maxSeconds: 5
  messages: []
  name: 1b-1-hidden
  points: 0
  seconds: 0
- description: Test formula 1c implementation
  extraCredit: false
  maxPoints: 2
  maxSeconds: 5
  messages: []
  name: 1c-1-hidden
  points: 0
  seconds: 0
- description: Test formula 1d implementation
  extraCredit: false
  maxPoints: 2
  maxSeconds: 5
  messages: []
  name: 1d-1-hidden
  points: 0
  seconds: 0
- description: Test formula 1e implementation
  extraCredit: false
  maxPoints: 3
  maxSeconds: 5
  messages: []
  name: 1e-1-hidden
  points: 0
  seconds: 0
totalPoints: 0
